<?xml version="1.0" encoding="UTF-8"?>
<!-- Generated by org.testng.reporters.JUnitReportReporter -->
<testsuite hostname="LAPTOP-IKS9SD1L" failures="0" tests="1" name="kite.qa.testScripts.LoginPageTest" time="10.422" errors="0" timestamp="2021-05-29T09:52:10 IST" skipped="0">
  <testcase classname="kite.qa.testScripts.LoginPageTest" name="checkHeaderTest" time="10.422"/>
  <system-out/>
</testsuite> <!-- kite.qa.testScripts.LoginPageTest -->
